<?xml version="1.0" encoding="UTF-8"?>
<!-- Generated by org.testng.reporters.JUnitReportReporter -->
<testsuite skipped="0" hostname="LAPTOP-FD9FNOTU" name="test.AddCustomerTest" tests="1" failures="0" timestamp="2021-03-14T21:26:49 CDT" time="26.153" errors="0">
  <testcase name="validUserShouldBeAbleToAddCustomer" time="26.153" classname="test.AddCustomerTest"/>
  <system-out/>
</testsuite> <!-- test.AddCustomerTest -->
